WARNING:tensorflow:From bert/create_pretraining_data.py:469: The name tf.app.run is deprecated. Please use tf.compat.v1.app.run instead.

Traceback (most recent call last):
  File "bert/create_pretraining_data.py", line 469, in <module>
    tf.app.run()
  File "/home/user/virtual_env/bert_pretrain/lib/python3.5/site-packages/tensorflow/python/platform/app.py", line 40, in run
    _run(main=main, argv=argv, flags_parser=_parse_flags_tolerate_undef)
  File "/home/user/virtual_env/bert_pretrain/lib/python3.5/site-packages/absl/app.py", line 306, in run
    flags_parser,
  File "/home/user/virtual_env/bert_pretrain/lib/python3.5/site-packages/absl/app.py", line 375, in _run_init
    flags_parser=flags_parser,
  File "/home/user/virtual_env/bert_pretrain/lib/python3.5/site-packages/absl/app.py", line 220, in _register_and_parse_flags_with_usage
    args_to_main = flags_parser(original_argv)
  File "/home/user/virtual_env/bert_pretrain/lib/python3.5/site-packages/tensorflow/python/platform/app.py", line 31, in _parse_flags_tolerate_undef
    return flags.FLAGS(_sys.argv if argv is None else argv, known_only=True)
  File "/home/user/virtual_env/bert_pretrain/lib/python3.5/site-packages/tensorflow/python/platform/flags.py", line 112, in __call__
    return self.__dict__['__wrapped'].__call__(*args, **kwargs)
  File "/home/user/virtual_env/bert_pretrain/lib/python3.5/site-packages/absl/flags/_flagvalues.py", line 673, in __call__
    self.validate_all_flags()
  File "/home/user/virtual_env/bert_pretrain/lib/python3.5/site-packages/absl/flags/_flagvalues.py", line 533, in validate_all_flags
    self._assert_validators(all_validators)
  File "/home/user/virtual_env/bert_pretrain/lib/python3.5/site-packages/absl/flags/_flagvalues.py", line 568, in _assert_validators
    raise _exceptions.IllegalFlagValueError('\n'.join(messages))
absl.flags._exceptions.IllegalFlagValueError: flag --output_file=None: Flag --output_file must have a value other than None.
flag --vocab_file=None: Flag --vocab_file must have a value other than None.
